[2022-07-01 13:54:53,682] INFO [GroupCoordinator 0]: Preparing to rebalance group console-consumer-20296 in state PreparingRebalance with old generation 1 (__consumer_offsets-40) (reason: Removing member console-consumer-388aea0c-aa4f-47b7-b6b4-8a3ee98ca53b on LeaveGroup; client reason: the consumer is being closed) (kafka.coordinator.group.GroupCoordinator)
[2022-07-01 13:54:53,729] INFO [GroupCoordinator 0]: Group console-consumer-20296 with generation 2 is now empty (__consumer_offsets-40) (kafka.coordinator.group.GroupCoordinator)
[2022-07-01 13:54:53,754] INFO [GroupCoordinator 0]: Member MemberMetadata(memberId=console-consumer-388aea0c-aa4f-47b7-b6b4-8a3ee98ca53b, groupInstanceId=None, clientId=console-consumer, clientHost=/127.0.0.1, sessionTimeoutMs=45000, rebalanceTimeoutMs=300000, supportedProtocols=List(range, cooperative-sticky)) has left group console-consumer-20296 through explicit `LeaveGroup`; client reason: the consumer is being closed (kafka.coordinator.group.GroupCoordinator)
[2022-07-01 13:55:05,989] WARN Session 0x10002a54b8c0000 for sever localhost/127.0.0.1:2181, Closing socket connection. Attempting reconnect except it is a SessionExpiredException. (org.apache.zookeeper.ClientCnxn)
java.io.IOException: Connection reset by peer
	at java.base/sun.nio.ch.FileDispatcherImpl.read0(Native Method)
	at java.base/sun.nio.ch.SocketDispatcher.read(SocketDispatcher.java:39)
	at java.base/sun.nio.ch.IOUtil.readIntoNativeBuffer(IOUtil.java:276)
	at java.base/sun.nio.ch.IOUtil.read(IOUtil.java:233)
	at java.base/sun.nio.ch.IOUtil.read(IOUtil.java:223)
	at java.base/sun.nio.ch.SocketChannelImpl.read(SocketChannelImpl.java:356)
	at org.apache.zookeeper.ClientCnxnSocketNIO.doIO(ClientCnxnSocketNIO.java:74)
	at org.apache.zookeeper.ClientCnxnSocketNIO.doTransport(ClientCnxnSocketNIO.java:350)
	at org.apache.zookeeper.ClientCnxn$SendThread.run(ClientCnxn.java:1290)
[2022-07-01 13:55:07,143] INFO Opening socket connection to server localhost/127.0.0.1:2181. (org.apache.zookeeper.ClientCnxn)
[2022-07-01 13:55:07,148] WARN Session 0x10002a54b8c0000 for sever localhost/127.0.0.1:2181, Closing socket connection. Attempting reconnect except it is a SessionExpiredException. (org.apache.zookeeper.ClientCnxn)
java.net.ConnectException: Connection refused
	at java.base/sun.nio.ch.SocketChannelImpl.checkConnect(Native Method)
	at java.base/sun.nio.ch.SocketChannelImpl.finishConnect(SocketChannelImpl.java:777)
	at org.apache.zookeeper.ClientCnxnSocketNIO.doTransport(ClientCnxnSocketNIO.java:344)
	at org.apache.zookeeper.ClientCnxn$SendThread.run(ClientCnxn.java:1290)
[2022-07-01 13:55:08,559] INFO Terminating process due to signal SIGINT (org.apache.kafka.common.utils.LoggingSignalHandler)
[2022-07-01 13:55:08,641] INFO [KafkaServer id=0] shutting down (kafka.server.KafkaServer)
[2022-07-01 13:55:08,671] INFO [KafkaServer id=0] Starting controlled shutdown (kafka.server.KafkaServer)
[2022-07-01 13:55:08,869] INFO [KafkaServer id=0] Controlled shutdown request returned successfully after 162ms (kafka.server.KafkaServer)
[2022-07-01 13:55:08,917] INFO [/config/changes-event-process-thread]: Shutting down (kafka.common.ZkNodeChangeNotificationListener$ChangeEventProcessThread)
[2022-07-01 13:55:08,955] INFO [/config/changes-event-process-thread]: Shutdown completed (kafka.common.ZkNodeChangeNotificationListener$ChangeEventProcessThread)
[2022-07-01 13:55:08,957] INFO [SocketServer listenerType=ZK_BROKER, nodeId=0] Stopping socket server request processors (kafka.network.SocketServer)
[2022-07-01 13:55:08,959] INFO [/config/changes-event-process-thread]: Stopped (kafka.common.ZkNodeChangeNotificationListener$ChangeEventProcessThread)
[2022-07-01 13:55:09,008] INFO [SocketServer listenerType=ZK_BROKER, nodeId=0] Stopped socket server request processors (kafka.network.SocketServer)
[2022-07-01 13:55:09,019] INFO [data-plane Kafka Request Handler on Broker 0], shutting down (kafka.server.KafkaRequestHandlerPool)
[2022-07-01 13:55:09,041] INFO [data-plane Kafka Request Handler on Broker 0], shut down completely (kafka.server.KafkaRequestHandlerPool)
[2022-07-01 13:55:09,080] INFO Opening socket connection to server localhost/127.0.0.1:2181. (org.apache.zookeeper.ClientCnxn)
[2022-07-01 13:55:09,081] WARN Session 0x10002a54b8c0000 for sever localhost/127.0.0.1:2181, Closing socket connection. Attempting reconnect except it is a SessionExpiredException. (org.apache.zookeeper.ClientCnxn)
java.net.ConnectException: Connection refused
	at java.base/sun.nio.ch.SocketChannelImpl.checkConnect(Native Method)
	at java.base/sun.nio.ch.SocketChannelImpl.finishConnect(SocketChannelImpl.java:777)
	at org.apache.zookeeper.ClientCnxnSocketNIO.doTransport(ClientCnxnSocketNIO.java:344)
	at org.apache.zookeeper.ClientCnxn$SendThread.run(ClientCnxn.java:1290)
[2022-07-01 13:55:09,099] INFO [ExpirationReaper-0-AlterAcls]: Shutting down (kafka.server.DelayedOperationPurgatory$ExpiredOperationReaper)
[2022-07-01 13:55:09,124] INFO [ExpirationReaper-0-AlterAcls]: Stopped (kafka.server.DelayedOperationPurgatory$ExpiredOperationReaper)
[2022-07-01 13:55:09,126] INFO [ExpirationReaper-0-AlterAcls]: Shutdown completed (kafka.server.DelayedOperationPurgatory$ExpiredOperationReaper)
[2022-07-01 13:55:09,129] INFO [KafkaApi-0] Shutdown complete. (kafka.server.KafkaApis)
[2022-07-01 13:55:09,134] INFO [ExpirationReaper-0-topic]: Shutting down (kafka.server.DelayedOperationPurgatory$ExpiredOperationReaper)
[2022-07-01 13:55:09,158] INFO [ExpirationReaper-0-topic]: Stopped (kafka.server.DelayedOperationPurgatory$ExpiredOperationReaper)
[2022-07-01 13:55:09,158] INFO [ExpirationReaper-0-topic]: Shutdown completed (kafka.server.DelayedOperationPurgatory$ExpiredOperationReaper)
[2022-07-01 13:55:09,164] INFO [TransactionCoordinator id=0] Shutting down. (kafka.coordinator.transaction.TransactionCoordinator)
[2022-07-01 13:55:09,193] INFO [Transaction State Manager 0]: Shutdown complete (kafka.coordinator.transaction.TransactionStateManager)
[2022-07-01 13:55:09,193] INFO [Transaction Marker Channel Manager 0]: Shutting down (kafka.coordinator.transaction.TransactionMarkerChannelManager)
[2022-07-01 13:55:09,195] INFO [Transaction Marker Channel Manager 0]: Shutdown completed (kafka.coordinator.transaction.TransactionMarkerChannelManager)
[2022-07-01 13:55:09,194] INFO [Transaction Marker Channel Manager 0]: Stopped (kafka.coordinator.transaction.TransactionMarkerChannelManager)
[2022-07-01 13:55:09,203] INFO [TransactionCoordinator id=0] Shutdown complete. (kafka.coordinator.transaction.TransactionCoordinator)
[2022-07-01 13:55:09,208] INFO [GroupCoordinator 0]: Shutting down. (kafka.coordinator.group.GroupCoordinator)
[2022-07-01 13:55:09,212] INFO [ExpirationReaper-0-Heartbeat]: Shutting down (kafka.server.DelayedOperationPurgatory$ExpiredOperationReaper)
[2022-07-01 13:55:09,215] INFO [ExpirationReaper-0-Heartbeat]: Stopped (kafka.server.DelayedOperationPurgatory$ExpiredOperationReaper)
[2022-07-01 13:55:09,216] INFO [ExpirationReaper-0-Heartbeat]: Shutdown completed (kafka.server.DelayedOperationPurgatory$ExpiredOperationReaper)
[2022-07-01 13:55:09,217] INFO [ExpirationReaper-0-Rebalance]: Shutting down (kafka.server.DelayedOperationPurgatory$ExpiredOperationReaper)
[2022-07-01 13:55:09,219] INFO [ExpirationReaper-0-Rebalance]: Stopped (kafka.server.DelayedOperationPurgatory$ExpiredOperationReaper)
[2022-07-01 13:55:09,220] INFO [ExpirationReaper-0-Rebalance]: Shutdown completed (kafka.server.DelayedOperationPurgatory$ExpiredOperationReaper)
[2022-07-01 13:55:09,229] INFO [GroupCoordinator 0]: Shutdown complete. (kafka.coordinator.group.GroupCoordinator)
[2022-07-01 13:55:09,232] INFO [ReplicaManager broker=0] Shutting down (kafka.server.ReplicaManager)
[2022-07-01 13:55:09,233] INFO [LogDirFailureHandler]: Shutting down (kafka.server.ReplicaManager$LogDirFailureHandler)
[2022-07-01 13:55:09,260] INFO [LogDirFailureHandler]: Shutdown completed (kafka.server.ReplicaManager$LogDirFailureHandler)
[2022-07-01 13:55:09,260] INFO [LogDirFailureHandler]: Stopped (kafka.server.ReplicaManager$LogDirFailureHandler)
[2022-07-01 13:55:09,271] INFO [ReplicaFetcherManager on broker 0] shutting down (kafka.server.ReplicaFetcherManager)
[2022-07-01 13:55:09,286] INFO [ReplicaFetcherManager on broker 0] shutdown completed (kafka.server.ReplicaFetcherManager)
[2022-07-01 13:55:09,287] INFO [ReplicaAlterLogDirsManager on broker 0] shutting down (kafka.server.ReplicaAlterLogDirsManager)
[2022-07-01 13:55:09,288] INFO [ReplicaAlterLogDirsManager on broker 0] shutdown completed (kafka.server.ReplicaAlterLogDirsManager)
[2022-07-01 13:55:09,288] INFO [ExpirationReaper-0-Fetch]: Shutting down (kafka.server.DelayedOperationPurgatory$ExpiredOperationReaper)
[2022-07-01 13:55:09,291] INFO [ExpirationReaper-0-Fetch]: Stopped (kafka.server.DelayedOperationPurgatory$ExpiredOperationReaper)
[2022-07-01 13:55:09,291] INFO [ExpirationReaper-0-Fetch]: Shutdown completed (kafka.server.DelayedOperationPurgatory$ExpiredOperationReaper)
[2022-07-01 13:55:09,292] INFO [ExpirationReaper-0-Produce]: Shutting down (kafka.server.DelayedOperationPurgatory$ExpiredOperationReaper)
[2022-07-01 13:55:09,306] INFO [ExpirationReaper-0-Produce]: Stopped (kafka.server.DelayedOperationPurgatory$ExpiredOperationReaper)
[2022-07-01 13:55:09,306] INFO [ExpirationReaper-0-Produce]: Shutdown completed (kafka.server.DelayedOperationPurgatory$ExpiredOperationReaper)
[2022-07-01 13:55:09,309] INFO [ExpirationReaper-0-DeleteRecords]: Shutting down (kafka.server.DelayedOperationPurgatory$ExpiredOperationReaper)
[2022-07-01 13:55:09,332] INFO [ExpirationReaper-0-DeleteRecords]: Stopped (kafka.server.DelayedOperationPurgatory$ExpiredOperationReaper)
[2022-07-01 13:55:09,332] INFO [ExpirationReaper-0-DeleteRecords]: Shutdown completed (kafka.server.DelayedOperationPurgatory$ExpiredOperationReaper)
[2022-07-01 13:55:09,333] INFO [ExpirationReaper-0-ElectLeader]: Shutting down (kafka.server.DelayedOperationPurgatory$ExpiredOperationReaper)
[2022-07-01 13:55:09,353] INFO [ExpirationReaper-0-ElectLeader]: Stopped (kafka.server.DelayedOperationPurgatory$ExpiredOperationReaper)
[2022-07-01 13:55:09,353] INFO [ExpirationReaper-0-ElectLeader]: Shutdown completed (kafka.server.DelayedOperationPurgatory$ExpiredOperationReaper)
[2022-07-01 13:55:09,385] INFO [ReplicaManager broker=0] Shut down completely (kafka.server.ReplicaManager)
[2022-07-01 13:55:09,390] INFO [BrokerToControllerChannelManager broker=0 name=alterPartition]: Shutting down (kafka.server.BrokerToControllerRequestThread)
[2022-07-01 13:55:09,393] INFO [BrokerToControllerChannelManager broker=0 name=alterPartition]: Stopped (kafka.server.BrokerToControllerRequestThread)
[2022-07-01 13:55:09,398] INFO [BrokerToControllerChannelManager broker=0 name=alterPartition]: Shutdown completed (kafka.server.BrokerToControllerRequestThread)
[2022-07-01 13:55:09,410] INFO Broker to controller channel manager for alterPartition shutdown (kafka.server.BrokerToControllerChannelManagerImpl)
[2022-07-01 13:55:09,417] INFO [BrokerToControllerChannelManager broker=0 name=forwarding]: Shutting down (kafka.server.BrokerToControllerRequestThread)
[2022-07-01 13:55:09,426] INFO [BrokerToControllerChannelManager broker=0 name=forwarding]: Stopped (kafka.server.BrokerToControllerRequestThread)
[2022-07-01 13:55:09,430] INFO [BrokerToControllerChannelManager broker=0 name=forwarding]: Shutdown completed (kafka.server.BrokerToControllerRequestThread)
[2022-07-01 13:55:09,442] INFO Broker to controller channel manager for forwarding shutdown (kafka.server.BrokerToControllerChannelManagerImpl)
[2022-07-01 13:55:09,444] INFO Shutting down. (kafka.log.LogManager)
[2022-07-01 13:55:09,702] INFO [ProducerStateManager partition=__consumer_offsets-43] Wrote producer snapshot at offset 3 with 0 producer ids in 28 ms. (kafka.log.ProducerStateManager)
[2022-07-01 13:55:09,802] INFO [ProducerStateManager partition=test1-0] Wrote producer snapshot at offset 10113 with 0 producer ids in 9 ms. (kafka.log.ProducerStateManager)
[2022-07-01 13:55:10,126] INFO [ProducerStateManager partition=test2-0] Wrote producer snapshot at offset 3 with 0 producer ids in 10 ms. (kafka.log.ProducerStateManager)
[2022-07-01 13:55:10,201] INFO [ProducerStateManager partition=__consumer_offsets-40] Wrote producer snapshot at offset 2 with 0 producer ids in 12 ms. (kafka.log.ProducerStateManager)
[2022-07-01 13:55:10,260] INFO Opening socket connection to server localhost/127.0.0.1:2181. (org.apache.zookeeper.ClientCnxn)
[2022-07-01 13:55:10,262] WARN Session 0x10002a54b8c0000 for sever localhost/127.0.0.1:2181, Closing socket connection. Attempting reconnect except it is a SessionExpiredException. (org.apache.zookeeper.ClientCnxn)
java.net.ConnectException: Connection refused
	at java.base/sun.nio.ch.SocketChannelImpl.checkConnect(Native Method)
	at java.base/sun.nio.ch.SocketChannelImpl.finishConnect(SocketChannelImpl.java:777)
	at org.apache.zookeeper.ClientCnxnSocketNIO.doTransport(ClientCnxnSocketNIO.java:344)
	at org.apache.zookeeper.ClientCnxn$SendThread.run(ClientCnxn.java:1290)
[2022-07-01 13:55:10,357] INFO [ProducerStateManager partition=__consumer_offsets-12] Wrote producer snapshot at offset 6 with 0 producer ids in 12 ms. (kafka.log.ProducerStateManager)
[2022-07-01 13:55:10,575] INFO [ProducerStateManager partition=__consumer_offsets-18] Wrote producer snapshot at offset 3 with 0 producer ids in 13 ms. (kafka.log.ProducerStateManager)
[2022-07-01 13:55:10,709] INFO [ProducerStateManager partition=__consumer_offsets-46] Wrote producer snapshot at offset 3 with 0 producer ids in 17 ms. (kafka.log.ProducerStateManager)
[2022-07-01 13:55:11,058] INFO Shutdown complete. (kafka.log.LogManager)
[2022-07-01 13:55:11,121] INFO [feature-zk-node-event-process-thread]: Shutting down (kafka.server.FinalizedFeatureChangeListener$ChangeNotificationProcessorThread)
[2022-07-01 13:55:11,156] INFO [feature-zk-node-event-process-thread]: Shutdown completed (kafka.server.FinalizedFeatureChangeListener$ChangeNotificationProcessorThread)
[2022-07-01 13:55:11,154] INFO [feature-zk-node-event-process-thread]: Stopped (kafka.server.FinalizedFeatureChangeListener$ChangeNotificationProcessorThread)
[2022-07-01 13:55:11,161] INFO [ZooKeeperClient Kafka server] Closing. (kafka.zookeeper.ZooKeeperClient)
[2022-07-01 13:55:12,038] INFO Opening socket connection to server localhost/127.0.0.1:2181. (org.apache.zookeeper.ClientCnxn)
[2022-07-01 13:55:12,042] WARN An exception was thrown while closing send thread for session 0x10002a54b8c0000. (org.apache.zookeeper.ClientCnxn)
java.net.ConnectException: Connection refused
	at java.base/sun.nio.ch.SocketChannelImpl.checkConnect(Native Method)
	at java.base/sun.nio.ch.SocketChannelImpl.finishConnect(SocketChannelImpl.java:777)
	at org.apache.zookeeper.ClientCnxnSocketNIO.doTransport(ClientCnxnSocketNIO.java:344)
	at org.apache.zookeeper.ClientCnxn$SendThread.run(ClientCnxn.java:1290)
[2022-07-01 13:55:12,154] INFO Session: 0x10002a54b8c0000 closed (org.apache.zookeeper.ZooKeeper)
[2022-07-01 13:55:12,155] INFO EventThread shut down for session: 0x10002a54b8c0000 (org.apache.zookeeper.ClientCnxn)
[2022-07-01 13:55:12,159] INFO [ZooKeeperClient Kafka server] Closed. (kafka.zookeeper.ZooKeeperClient)
[2022-07-01 13:55:12,160] INFO [ThrottledChannelReaper-Fetch]: Shutting down (kafka.server.ClientQuotaManager$ThrottledChannelReaper)
[2022-07-01 13:55:12,182] INFO [ThrottledChannelReaper-Fetch]: Stopped (kafka.server.ClientQuotaManager$ThrottledChannelReaper)
[2022-07-01 13:55:12,182] INFO [ThrottledChannelReaper-Fetch]: Shutdown completed (kafka.server.ClientQuotaManager$ThrottledChannelReaper)
[2022-07-01 13:55:12,183] INFO [ThrottledChannelReaper-Produce]: Shutting down (kafka.server.ClientQuotaManager$ThrottledChannelReaper)
[2022-07-01 13:55:12,185] INFO [ThrottledChannelReaper-Produce]: Stopped (kafka.server.ClientQuotaManager$ThrottledChannelReaper)
[2022-07-01 13:55:12,188] INFO [ThrottledChannelReaper-Produce]: Shutdown completed (kafka.server.ClientQuotaManager$ThrottledChannelReaper)
[2022-07-01 13:55:12,189] INFO [ThrottledChannelReaper-Request]: Shutting down (kafka.server.ClientQuotaManager$ThrottledChannelReaper)
[2022-07-01 13:55:12,189] INFO [ThrottledChannelReaper-Request]: Stopped (kafka.server.ClientQuotaManager$ThrottledChannelReaper)
[2022-07-01 13:55:12,190] INFO [ThrottledChannelReaper-Request]: Shutdown completed (kafka.server.ClientQuotaManager$ThrottledChannelReaper)
[2022-07-01 13:55:12,191] INFO [ThrottledChannelReaper-ControllerMutation]: Shutting down (kafka.server.ClientQuotaManager$ThrottledChannelReaper)
[2022-07-01 13:55:12,192] INFO [ThrottledChannelReaper-ControllerMutation]: Stopped (kafka.server.ClientQuotaManager$ThrottledChannelReaper)
[2022-07-01 13:55:12,192] INFO [ThrottledChannelReaper-ControllerMutation]: Shutdown completed (kafka.server.ClientQuotaManager$ThrottledChannelReaper)
[2022-07-01 13:55:12,195] INFO [SocketServer listenerType=ZK_BROKER, nodeId=0] Shutting down socket server (kafka.network.SocketServer)
[2022-07-01 13:55:12,385] INFO [SocketServer listenerType=ZK_BROKER, nodeId=0] Shutdown completed (kafka.network.SocketServer)
[2022-07-01 13:55:12,389] INFO Metrics scheduler closed (org.apache.kafka.common.metrics.Metrics)
[2022-07-01 13:55:12,390] INFO Closing reporter org.apache.kafka.common.metrics.JmxReporter (org.apache.kafka.common.metrics.Metrics)
[2022-07-01 13:55:12,390] INFO Metrics reporters closed (org.apache.kafka.common.metrics.Metrics)
[2022-07-01 13:55:12,399] INFO Broker and topic stats closed (kafka.server.BrokerTopicStats)
[2022-07-01 13:55:12,424] INFO App info kafka.server for 0 unregistered (org.apache.kafka.common.utils.AppInfoParser)
[2022-07-01 13:55:12,445] INFO [KafkaServer id=0] shut down completed (kafka.server.KafkaServer)
